{"numTotalTestSuites":233,"numPassedTestSuites":232,"numFailedTestSuites":1,"numPendingTestSuites":0,"numTotalTests":221,"numPassedTests":192,"numFailedTests":29,"numPendingTests":0,"numTodoTests":0,"startTime":1777535065827,"success":false,"testResults":[{"assertionResults":[{"ancestorTitles":["","admin credits toggle ui"],"fullName":" admin credits toggle ui uses a switch control instead of a plain checkbox row for the credits toggle","status":"passed","title":"uses a switch control instead of a plain checkbox row for the credits toggle","duration":1,"failureMessages":[]}],"startTime":1777535071809,"endTime":1777535071810,"status":"passed","message":"","name":"/Users/gulingfei/Desktop/APP（vibe-coding）/Topic Automation/tests/unit/AdminCreditsToggleUi.test.ts"},{"assertionResults":[{"ancestorTitles":["","build verification rules json"],"fullName":" build verification rules json contains expected zip reference matrix and login image checks","status":"passed","title":"contains expected zip reference matrix and login image checks","duration":4,"failureMessages":[]}],"startTime":1777535070566,"endTime":1777535070570,"status":"passed","message":"","name":"/Users/gulingfei/Desktop/APP（vibe-coding）/Topic Automation/tests/unit/BuildVerificationRulesJson.test.ts"},{"assertionResults":[{"ancestorTitles":["","chat client requests"],"fullName":" chat client requests generateImage sends same-origin credentials as a fetch option","status":"passed","title":"generateImage sends same-origin credentials as a fetch option","duration":63,"failureMessages":[]},{"ancestorTitles":["","chat client requests"],"fullName":" chat client requests chatCompletion sends same-origin credentials as a fetch option","status":"passed","title":"chatCompletion sends same-origin credentials as a fetch option","duration":2,"failureMessages":[]}],"startTime":1777535067330,"endTime":1777535067396,"status":"passed","message":"","name":"/Users/gulingfei/Desktop/APP（vibe-coding）/Topic Automation/tests/unit/ChatClientRequests.test.ts"},{"assertionResults":[{"ancestorTitles":["","chat client settings"],"fullName":" chat client settings loadSettings returns defaults when no saved settings","status":"passed","title":"loadSettings returns defaults when no saved settings","duration":2,"failureMessages":[]},{"ancestorTitles":["","chat client settings"],"fullName":" chat client settings saveSettings persists values for later chat requests","status":"passed","title":"saveSettings persists values for later chat requests","duration":2,"failureMessages":[]},{"ancestorTitles":["","chat client settings"],"fullName":" chat client settings default chat endpoint is backend proxy path","status":"passed","title":"default chat endpoint is backend proxy path","duration":0,"failureMessages":[]},{"ancestorTitles":["","chat client settings"],"fullName":" chat client settings loadSettings no longer migrates endpoints — uses stored values","status":"passed","title":"loadSettings no longer migrates endpoints — uses stored values","duration":0,"failureMessages":[]},{"ancestorTitles":["","chat client settings"],"fullName":" chat client settings loadSettings preserves stored image endpoint","status":"passed","title":"loadSettings preserves stored image endpoint","duration":1,"failureMessages":[]},{"ancestorTitles":["","chat client settings"],"fullName":" chat client settings describeChatEndpointUsage returns a string","status":"passed","title":"describeChatEndpointUsage returns a string","duration":0,"failureMessages":[]}],"startTime":1777535067668,"endTime":1777535067673,"status":"passed","message":"","name":"/Users/gulingfei/Desktop/APP（vibe-coding）/Topic Automation/tests/unit/ChatClientSettings.test.ts"},{"assertionResults":[{"ancestorTitles":["","env layout contract"],"fullName":" env layout contract server loads dotenv from root env file path","status":"failed","title":"server loads dotenv from root env file path","duration":5,"failureMessages":["expected 'import { config as loadEnv } from \\'d…' to contain 'config({ path: join(__dirname, \\'..\\'…'"],"location":{"line":11,"column":20}},{"ancestorTitles":["","env layout contract"],"fullName":" env layout contract repository keeps only root env example and removes nested examples","status":"passed","title":"repository keeps only root env example and removes nested examples","duration":0,"failureMessages":[]}],"startTime":1777535071606,"endTime":1777535071611,"status":"failed","message":"","name":"/Users/gulingfei/Desktop/APP（vibe-coding）/Topic Automation/tests/unit/EnvLayoutContract.test.ts"},{"assertionResults":[{"ancestorTitles":["","export asset rules"],"fullName":" export asset rules required export files include packaging-critical background and preview assets","status":"passed","title":"required export files include packaging-critical background and preview assets","duration":3,"failureMessages":[]},{"ancestorTitles":["","export asset rules"],"fullName":" export asset rules light-ui and dark-ui sideheader dimensions stay aligned with output mapping","status":"passed","title":"light-ui and dark-ui sideheader dimensions stay aligned with output mapping","duration":0,"failureMessages":[]},{"ancestorTitles":["","export asset rules"],"fullName":" export asset rules preview-derived cover assets stay aligned with sample package dimensions","status":"passed","title":"preview-derived cover assets stay aligned with sample package dimensions","duration":3,"failureMessages":[]},{"ancestorTitles":["","export asset rules"],"fullName":" export asset rules light-ui sandwich rules use the PDF variable name first and keep compatibility fallback","status":"passed","title":"light-ui sandwich rules use the PDF variable name first and keep compatibility fallback","duration":0,"failureMessages":[]},{"ancestorTitles":["","export asset rules"],"fullName":" export asset rules asset source config clearly separates background-image and preview-html groups","status":"passed","title":"asset source config clearly separates background-image and preview-html groups","duration":1,"failureMessages":[]}],"startTime":1777535067384,"endTime":1777535067391,"status":"passed","message":"","name":"/Users/gulingfei/Desktop/APP（vibe-coding）/Topic Automation/tests/unit/ExportAssetRules.test.ts"},{"assertionResults":[],"startTime":1777535065827,"endTime":1777535065827,"status":"failed","message":"Failed to load url ../../scripts/lib/build-global-colors.mjs (resolved id: ../../scripts/lib/build-global-colors.mjs) in /Users/gulingfei/Desktop/APP（vibe-coding）/Topic Automation/tests/unit/GlobalColorsBuilder.test.ts. Does the file exist?","name":"/Users/gulingfei/Desktop/APP（vibe-coding）/Topic Automation/tests/unit/GlobalColorsBuilder.test.ts"},{"assertionResults":[{"ancestorTitles":["","image provider contract"],"fullName":" image provider contract ai-proxy contains provider-aware image request shaping for ark and minimax","status":"passed","title":"ai-proxy contains provider-aware image request shaping for ark and minimax","duration":4,"failureMessages":[]},{"ancestorTitles":["","image provider contract"],"fullName":" image provider contract frontend image requests no longer hardcode minimax model name in request body","status":"passed","title":"frontend image requests no longer hardcode minimax model name in request body","duration":0,"failureMessages":[]}],"startTime":1777535070299,"endTime":1777535070304,"status":"passed","message":"","name":"/Users/gulingfei/Desktop/APP（vibe-coding）/Topic Automation/tests/unit/ImageProviderContract.test.ts"},{"assertionResults":[{"ancestorTitles":["","model config provider contract"],"fullName":" model config provider contract db schema includes provider-aware image credential fields","status":"passed","title":"db schema includes provider-aware image credential fields","duration":3,"failureMessages":[]},{"ancestorTitles":["","model config provider contract"],"fullName":" model config provider contract model-config route exposes provider-aware image fields","status":"passed","title":"model-config route exposes provider-aware image fields","duration":6,"failureMessages":[]},{"ancestorTitles":["","model config provider contract"],"fullName":" model config provider contract admin panel includes Jimeng credential inputs","status":"passed","title":"admin panel includes Jimeng credential inputs","duration":1,"failureMessages":[]}],"startTime":1777535069491,"endTime":1777535069501,"status":"passed","message":"","name":"/Users/gulingfei/Desktop/APP（vibe-coding）/Topic Automation/tests/unit/ModelConfigProviderContract.test.ts"},{"assertionResults":[{"ancestorTitles":["","pen export rules json"],"fullName":" pen export rules json contains light-ui and dark-ui login and header export nodes","status":"passed","title":"contains light-ui and dark-ui login and header export nodes","duration":1,"failureMessages":[]},{"ancestorTitles":["","pen export rules json"],"fullName":" pen export rules json typescript registry reuses the JSON pen export rules as its source of truth","status":"passed","title":"typescript registry reuses the JSON pen export rules as its source of truth","duration":1,"failureMessages":[]}],"startTime":1777535070522,"endTime":1777535070524,"status":"passed","message":"","name":"/Users/gulingfei/Desktop/APP（vibe-coding）/Topic Automation/tests/unit/PenExportRulesJson.test.ts"},{"assertionResults":[{"ancestorTitles":["","python asset pipeline preview tasks"],"fullName":" python asset pipeline preview tasks queues preview-html thumbnails instead of generating them in python","status":"passed","title":"queues preview-html thumbnails instead of generating them in python","duration":2926,"failureMessages":[]}],"startTime":1777535067496,"endTime":1777535070422,"status":"passed","message":"","name":"/Users/gulingfei/Desktop/APP（vibe-coding）/Topic Automation/tests/unit/PythonAssetPipelinePreviewTasks.test.ts"},{"assertionResults":[{"ancestorTitles":["","python sample package paths"],"fullName":" python sample package paths theme builder uses the checked-in light/dark sample package directories","status":"passed","title":"theme builder uses the checked-in light/dark sample package directories","duration":4,"failureMessages":[]},{"ancestorTitles":["","python sample package paths"],"fullName":" python sample package paths build verifier uses the same sample package directories and references","status":"passed","title":"build verifier uses the same sample package directories and references","duration":1,"failureMessages":[]},{"ancestorTitles":["","python sample package paths"],"fullName":" python sample package paths build verifier treats the configured theme color as allowed even if it matches a template color","status":"passed","title":"build verifier treats the configured theme color as allowed even if it matches a template color","duration":1,"failureMessages":[]},{"ancestorTitles":["","python sample package paths"],"fullName":" python sample package paths mk package rebuild keeps the sample wrapper directory for importer compatibility","status":"passed","title":"mk package rebuild keeps the sample wrapper directory for importer compatibility","duration":1,"failureMessages":[]},{"ancestorTitles":["","python sample package paths"],"fullName":" python sample package paths mk package rebuild rewrites internal package identifiers away from the sample slug","status":"passed","title":"mk package rebuild rewrites internal package identifiers away from the sample slug","duration":1,"failureMessages":[]},{"ancestorTitles":["","python sample package paths"],"fullName":" python sample package paths mk header and navigation slices are excluded from icon recolor after replacement","status":"passed","title":"mk header and navigation slices are excluded from icon recolor after replacement","duration":0,"failureMessages":[]},{"ancestorTitles":["","python sample package paths"],"fullName":" python sample package paths ekp simple header frame falls back to the generated simple header slice instead of the sample asset name","status":"passed","title":"ekp simple header frame falls back to the generated simple header slice instead of the sample asset name","duration":1,"failureMessages":[]},{"ancestorTitles":["","python sample package paths"],"fullName":" python sample package paths image_down fallback applies sidebar gradient after bottom crop","status":"passed","title":"image_down fallback applies sidebar gradient after bottom crop","duration":0,"failureMessages":[]},{"ancestorTitles":["","python sample package paths"],"fullName":" python sample package paths build verifier compares zip entry paths exactly instead of flattening wrapper directories","status":"passed","title":"build verifier compares zip entry paths exactly instead of flattening wrapper directories","duration":4,"failureMessages":[]}],"startTime":1777535066644,"endTime":1777535066657,"status":"passed","message":"","name":"/Users/gulingfei/Desktop/APP（vibe-coding）/Topic Automation/tests/unit/PythonSamplePackagePaths.test.ts"},{"assertionResults":[{"ancestorTitles":["","python script smoke"],"fullName":" python script smoke export-pen-images.py prints usage instead of crashing when args are missing","status":"failed","title":"export-pen-images.py prints usage instead of crashing when args are missing","duration":63,"failureMessages":["expected '/Library/Developer/CommandLineTools/u…' to contain '用法: python3'"],"location":{"line":19,"column":22}}],"startTime":1777535071402,"endTime":1777535071465,"status":"failed","message":"","name":"/Users/gulingfei/Desktop/APP（vibe-coding）/Topic Automation/tests/unit/PythonScriptSmoke.test.ts"},{"assertionResults":[{"ancestorTitles":["","server confirmed version contracts"],"fullName":" server confirmed version contracts registers a confirmed versions route and export jobs require confirmedVersionId","status":"passed","title":"registers a confirmed versions route and export jobs require confirmedVersionId","duration":1,"failureMessages":[]}],"startTime":1777535070372,"endTime":1777535070373,"status":"passed","message":"","name":"/Users/gulingfei/Desktop/APP（vibe-coding）/Topic Automation/tests/unit/ServerConfirmedVersionContracts.test.ts"},{"assertionResults":[{"ancestorTitles":["","server credits toggle"],"fullName":" server credits toggle credits middleware bypasses quota enforcement when quota is disabled","status":"passed","title":"credits middleware bypasses quota enforcement when quota is disabled","duration":3,"failureMessages":[]},{"ancestorTitles":["","server credits toggle"],"fullName":" server credits toggle image route deducts credits after successful generation when quota is enabled","status":"passed","title":"image route deducts credits after successful generation when quota is enabled","duration":0,"failureMessages":[]},{"ancestorTitles":["","server credits toggle"],"fullName":" server credits toggle credits route exposes whether quota is enabled","status":"passed","title":"credits route exposes whether quota is enabled","duration":1,"failureMessages":[]}],"startTime":1777535069953,"endTime":1777535069957,"status":"passed","message":"","name":"/Users/gulingfei/Desktop/APP（vibe-coding）/Topic Automation/tests/unit/ServerCreditsToggle.test.ts"},{"assertionResults":[{"ancestorTitles":["","server export job persistence contracts"],"fullName":" server export job persistence contracts database keeps export jobs across restarts and creates persistent tables","status":"passed","title":"database keeps export jobs across restarts and creates persistent tables","duration":1,"failureMessages":[]},{"ancestorTitles":["","server export job persistence contracts"],"fullName":" server export job persistence contracts export job store uses durable storage instead of process memory","status":"passed","title":"export job store uses durable storage instead of process memory","duration":1,"failureMessages":[]},{"ancestorTitles":["","server export job persistence contracts"],"fullName":" server export job persistence contracts runner re-queues in-flight jobs on startup for recovery","status":"passed","title":"runner re-queues in-flight jobs on startup for recovery","duration":0,"failureMessages":[]}],"startTime":1777535068999,"endTime":1777535069001,"status":"passed","message":"","name":"/Users/gulingfei/Desktop/APP（vibe-coding）/Topic Automation/tests/unit/ServerExportJobPersistence.test.ts"},{"assertionResults":[{"ancestorTitles":["","server export job retry contracts"],"fullName":" server export job retry contracts export job persistence stores retry metadata","status":"failed","title":"export job persistence stores retry metadata","duration":8,"failureMessages":["expected 'import initSqlJs, { Database } from \\…' to contain 'retry_count INTEGER NOT NULL DEFAULT 0'"],"location":{"line":12,"column":22}},{"ancestorTitles":["","server export job retry contracts"],"fullName":" server export job retry contracts runner source tracks retry attempts and failure stage","status":"failed","title":"runner source tracks retry attempts and failure stage","duration":2,"failureMessages":["expected 'import fs from \\'node:fs\\';\\nimport p…' to contain 'MAX_EXPORT_JOB_RETRIES'"],"location":{"line":21,"column":26}}],"startTime":1777535069965,"endTime":1777535069975,"status":"failed","message":"","name":"/Users/gulingfei/Desktop/APP（vibe-coding）/Topic Automation/tests/unit/ServerExportJobRetryContracts.test.ts"},{"assertionResults":[{"ancestorTitles":["","server export job runner"],"fullName":" server export job runner runner source advances queued jobs through the online-service statuses","status":"passed","title":"runner source advances queued jobs through the online-service statuses","duration":3,"failureMessages":[]},{"ancestorTitles":["","server export job runner"],"fullName":" server export job runner runner source invokes the shared asset preparation script before real packaging is wired in","status":"passed","title":"runner source invokes the shared asset preparation script before real packaging is wired in","duration":1,"failureMessages":[]}],"startTime":1777535069486,"endTime":1777535069490,"status":"passed","message":"","name":"/Users/gulingfei/Desktop/APP（vibe-coding）/Topic Automation/tests/unit/ServerExportJobRunner.test.ts"},{"assertionResults":[{"ancestorTitles":["","server export job validation"],"fullName":" server export job validation accepts supported export product ids and removes duplicates","status":"passed","title":"accepts supported export product ids and removes duplicates","duration":1,"failureMessages":[]},{"ancestorTitles":["","server export job validation"],"fullName":" server export job validation rejects unsupported export product ids","status":"passed","title":"rejects unsupported export product ids","duration":4,"failureMessages":[]},{"ancestorTitles":["","server export job validation"],"fullName":" server export job validation rejects oversized project snapshots","status":"passed","title":"rejects oversized project snapshots","duration":35,"failureMessages":[]}],"startTime":1777535070623,"endTime":1777535070664,"status":"passed","message":"","name":"/Users/gulingfei/Desktop/APP（vibe-coding）/Topic Automation/tests/unit/ServerExportJobValidation.test.ts"},{"assertionResults":[{"ancestorTitles":["","server export request yaml"],"fullName":" server export request yaml uses metadata-relative asset paths so service packaging can resolve generated images","status":"passed","title":"uses metadata-relative asset paths so service packaging can resolve generated images","duration":13,"failureMessages":[]},{"ancestorTitles":["","server export request yaml"],"fullName":" server export request yaml keeps optional login logo empty when no generated login logo exists","status":"passed","title":"keeps optional login logo empty when no generated login logo exists","duration":0,"failureMessages":[]}],"startTime":1777535068429,"endTime":1777535068442,"status":"passed","message":"","name":"/Users/gulingfei/Desktop/APP（vibe-coding）/Topic Automation/tests/unit/ServerExportRequestYaml.test.ts"},{"assertionResults":[{"ancestorTitles":["","server model config masked key handling"],"fullName":" server model config masked key handling treats masked admin placeholders as unchanged secrets instead of saving them back to the database","status":"passed","title":"treats masked admin placeholders as unchanged secrets instead of saving them back to the database","duration":2,"failureMessages":[]}],"startTime":1777535070477,"endTime":1777535070479,"status":"passed","message":"","name":"/Users/gulingfei/Desktop/APP（vibe-coding）/Topic Automation/tests/unit/ServerModelConfigMaskedKey.test.ts"},{"assertionResults":[{"ancestorTitles":["","server logging consistency"],"fullName":" server logging consistency server modules use logger instead of raw console error/warn","status":"passed","title":"server modules use logger instead of raw console error/warn","duration":2,"failureMessages":[]}],"startTime":1777535071783,"endTime":1777535071785,"status":"passed","message":"","name":"/Users/gulingfei/Desktop/APP（vibe-coding）/Topic Automation/tests/unit/ServerRouteLoggingConsistency.test.ts"},{"assertionResults":[{"ancestorTitles":["","security config database schema"],"fullName":" security config database schema db.ts contains security_config table definition","status":"passed","title":"db.ts contains security_config table definition","duration":9,"failureMessages":[]},{"ancestorTitles":["","security config database schema"],"fullName":" security config database schema security_config table has proper constraints","status":"passed","title":"security_config table has proper constraints","duration":5,"failureMessages":[]},{"ancestorTitles":["","admin password authentication"],"fullName":" admin password authentication middleware/auth.ts exports admin auth middleware","status":"passed","title":"middleware/auth.ts exports admin auth middleware","duration":2,"failureMessages":[]},{"ancestorTitles":["","admin password authentication"],"fullName":" admin password authentication adminAuthMiddleware validates password from env","status":"passed","title":"adminAuthMiddleware validates password from env","duration":1,"failureMessages":[]},{"ancestorTitles":["","CORS middleware"],"fullName":" CORS middleware index.ts uses dynamic CORS from security config","status":"passed","title":"index.ts uses dynamic CORS from security config","duration":0,"failureMessages":[]},{"ancestorTitles":["","proxy-image validation"],"fullName":" proxy-image validation ai-proxy.ts contains validateProxyImageHost function","status":"passed","title":"ai-proxy.ts contains validateProxyImageHost function","duration":1,"failureMessages":[]},{"ancestorTitles":["","quota middleware"],"fullName":" quota middleware middleware/quota.ts exports quota middleware","status":"failed","title":"middleware/quota.ts exports quota middleware","duration":3,"failureMessages":["ENOENT: no such file or directory, open '/Users/gulingfei/Desktop/APP（vibe-coding）/Topic Automation/server/src/middleware/quota.ts'"],"location":{"line":448,"column":20}},{"ancestorTitles":["","quota middleware"],"fullName":" quota middleware index.ts applies quota middleware to AI proxy routes","status":"failed","title":"index.ts applies quota middleware to AI proxy routes","duration":3,"failureMessages":["expected 'import { config as loadEnv } from \\'d…' to contain 'quotaMiddleware'"],"location":{"line":56,"column":20}},{"ancestorTitles":["","quota middleware"],"fullName":" quota middleware quota middleware checks before incrementing usage","status":"failed","title":"quota middleware checks before incrementing usage","duration":1,"failureMessages":["ENOENT: no such file or directory, open '/Users/gulingfei/Desktop/APP（vibe-coding）/Topic Automation/server/src/middleware/quota.ts'"],"location":{"line":448,"column":20}},{"ancestorTitles":["","quota middleware"],"fullName":" quota middleware quota middleware matches mounted subpaths","status":"failed","title":"quota middleware matches mounted subpaths","duration":0,"failureMessages":["ENOENT: no such file or directory, open '/Users/gulingfei/Desktop/APP（vibe-coding）/Topic Automation/server/src/middleware/quota.ts'"],"location":{"line":448,"column":20}},{"ancestorTitles":["","runtime rate limiting wiring"],"fullName":" runtime rate limiting wiring db.ts seeds per-route rate limit defaults","status":"passed","title":"db.ts seeds per-route rate limit defaults","duration":1,"failureMessages":[]},{"ancestorTitles":["","runtime rate limiting wiring"],"fullName":" runtime rate limiting wiring index.ts applies dynamic rate limiting middleware to theme routes","status":"passed","title":"index.ts applies dynamic rate limiting middleware to theme routes","duration":0,"failureMessages":[]},{"ancestorTitles":["","runtime rate limiting wiring"],"fullName":" runtime rate limiting wiring rate limit middleware file exists with in-memory limiter","status":"passed","title":"rate limit middleware file exists with in-memory limiter","duration":0,"failureMessages":[]}],"startTime":1777535067118,"endTime":1777535067145,"status":"failed","message":"","name":"/Users/gulingfei/Desktop/APP（vibe-coding）/Topic Automation/tests/unit/ServerSecurityConfig.test.ts"},{"assertionResults":[{"ancestorTitles":["","theme rule registry"],"fullName":" theme rule registry keeps dark-ui login special colors separate from global theme variables","status":"passed","title":"keeps dark-ui login special colors separate from global theme variables","duration":1,"failureMessages":[]},{"ancestorTitles":["","theme rule registry"],"fullName":" theme rule registry includes login background export rules for light-ui and dark-ui templates","status":"passed","title":"includes login background export rules for light-ui and dark-ui templates","duration":1,"failureMessages":[]},{"ancestorTitles":["","theme rule registry"],"fullName":" theme rule registry captures key header export nodes and output files","status":"passed","title":"captures key header export nodes and output files","duration":0,"failureMessages":[]},{"ancestorTitles":["","theme rule registry"],"fullName":" theme rule registry describes light-ui header type relationships and marks missing pencil mappings explicitly","status":"passed","title":"describes light-ui header type relationships and marks missing pencil mappings explicitly","duration":0,"failureMessages":[]},{"ancestorTitles":["","theme rule registry"],"fullName":" theme rule registry header relations and dark-ui special colors are sourced from the shared json config","status":"passed","title":"header relations and dark-ui special colors are sourced from the shared json config","duration":2,"failureMessages":[]}],"startTime":1777535067819,"endTime":1777535067823,"status":"passed","message":"","name":"/Users/gulingfei/Desktop/APP（vibe-coding）/Topic Automation/tests/unit/ThemeRuleRegistry.test.ts"},{"assertionResults":[{"ancestorTitles":["","web auth contract"],"fullName":" web auth contract auth.ts uses user selection model instead of jwt login endpoints","status":"failed","title":"auth.ts uses user selection model instead of jwt login endpoints","duration":6,"failureMessages":["expected 'const USER_KEY = \\'theme-studio-user\\…' to contain 'X-User-Id'"],"location":{"line":11,"column":20}},{"ancestorTitles":["","web auth contract"],"fullName":" web auth contract ui-setup no longer imports legacy login export from auth module","status":"passed","title":"ui-setup no longer imports legacy login export from auth module","duration":1,"failureMessages":[]},{"ancestorTitles":["","web auth contract"],"fullName":" web auth contract login page no longer imports legacy login flow","status":"passed","title":"login page no longer imports legacy login flow","duration":4,"failureMessages":[]}],"startTime":1777535069386,"endTime":1777535069398,"status":"failed","message":"","name":"/Users/gulingfei/Desktop/APP（vibe-coding）/Topic Automation/tests/unit/WebAuthContract.test.ts"},{"assertionResults":[{"ancestorTitles":["","web build execution paths"],"fullName":" web build execution paths uses explicit export batch directories when provided by the export bridge","status":"passed","title":"uses explicit export batch directories when provided by the export bridge","duration":1,"failureMessages":[]}],"startTime":1777535070581,"endTime":1777535070582,"status":"passed","message":"","name":"/Users/gulingfei/Desktop/APP（vibe-coding）/Topic Automation/tests/unit/WebBuildExecutionPaths.test.ts"},{"assertionResults":[{"ancestorTitles":["","web build export config"],"fullName":" web build export config includes all packaging image keys and preserves selected products only","status":"passed","title":"includes all packaging image keys and preserves selected products only","duration":10,"failureMessages":[]},{"ancestorTitles":["","web build export config"],"fullName":" web build export config truncates packaging title to 10 characters","status":"passed","title":"truncates packaging title to 10 characters","duration":0,"failureMessages":[]}],"startTime":1777535068081,"endTime":1777535068092,"status":"passed","message":"","name":"/Users/gulingfei/Desktop/APP（vibe-coding）/Topic Automation/tests/unit/WebBuildExportConfig.test.ts"},{"assertionResults":[{"ancestorTitles":["","web build logging guards"],"fullName":" web build logging guards avoids silent catches in the build script so local failures remain diagnosable","status":"passed","title":"avoids silent catches in the build script so local failures remain diagnosable","duration":1,"failureMessages":[]}],"startTime":1777535072174,"endTime":1777535072175,"status":"passed","message":"","name":"/Users/gulingfei/Desktop/APP（vibe-coding）/Topic Automation/tests/unit/WebBuildLoggingGuards.test.ts"},{"assertionResults":[{"ancestorTitles":["","web chat diagnostics logging"],"fullName":" web chat diagnostics logging avoids silent catches in chat diagnostics paths and keeps user-safe warning logs","status":"passed","title":"avoids silent catches in chat diagnostics paths and keeps user-safe warning logs","duration":2,"failureMessages":[]}],"startTime":1777535071434,"endTime":1777535071436,"status":"passed","message":"","name":"/Users/gulingfei/Desktop/APP（vibe-coding）/Topic Automation/tests/unit/WebChatDiagnosticsLogging.test.ts"},{"assertionResults":[{"ancestorTitles":["","web chat input area background"],"fullName":" web chat input area background keeps the shell input area background transparent in dark and light mode","status":"passed","title":"keeps the shell input area background transparent in dark and light mode","duration":1,"failureMessages":[]}],"startTime":1777535071950,"endTime":1777535071951,"status":"passed","message":"","name":"/Users/gulingfei/Desktop/APP（vibe-coding）/Topic Automation/tests/unit/WebChatInputAreaBackground.test.ts"},{"assertionResults":[{"ancestorTitles":["","web chat input shell"],"fullName":" web chat input shell uses dedicated shell classes for attachment strip, plus button, and send button instead of broad legacy rules","status":"passed","title":"uses dedicated shell classes for attachment strip, plus button, and send button instead of broad legacy rules","duration":3,"failureMessages":[]}],"startTime":1777535070703,"endTime":1777535070706,"status":"passed","message":"","name":"/Users/gulingfei/Desktop/APP（vibe-coding）/Topic Automation/tests/unit/WebChatInputShell.test.ts"},{"assertionResults":[{"ancestorTitles":["","web chat view visibility"],"fullName":" web chat view visibility styles define hidden behavior for chat view switching","status":"passed","title":"styles define hidden behavior for chat view switching","duration":3,"failureMessages":[]},{"ancestorTitles":["","web chat view visibility"],"fullName":" web chat view visibility chat manager toggles is-hidden between default and conversation views","status":"passed","title":"chat manager toggles is-hidden between default and conversation views","duration":0,"failureMessages":[]},{"ancestorTitles":["","web chat view visibility"],"fullName":" web chat view visibility main initializes workspace with an explicit default chat view before loading history","status":"passed","title":"main initializes workspace with an explicit default chat view before loading history","duration":0,"failureMessages":[]}],"startTime":1777535070445,"endTime":1777535070449,"status":"passed","message":"","name":"/Users/gulingfei/Desktop/APP（vibe-coding）/Topic Automation/tests/unit/WebChatViewVisibility.test.ts"},{"assertionResults":[{"ancestorTitles":["","web credits visibility contract"],"fullName":" web credits visibility contract landing and sidebar credits are hidden by default in markup until runtime config loads","status":"failed","title":"landing and sidebar credits are hidden by default in markup until runtime config loads","duration":22,"failureMessages":["expected '<!DOCTYPE html>\\n<html lang=\"zh-CN\">\\…' to contain 'id=\"creditsBar\" class=\"credits-bar\" s…'"],"location":{"line":11,"column":18}},{"ancestorTitles":["","web credits visibility contract"],"fullName":" web credits visibility contract credits module hides credits UI and cost hints when quota is disabled","status":"passed","title":"credits module hides credits UI and cost hints when quota is disabled","duration":0,"failureMessages":[]}],"startTime":1777535069008,"endTime":1777535069030,"status":"failed","message":"","name":"/Users/gulingfei/Desktop/APP（vibe-coding）/Topic Automation/tests/unit/WebCreditsVisibilityContract.test.ts"},{"assertionResults":[{"ancestorTitles":["","web current project state"],"fullName":" web current project state getCurrentProjectId falls back to localStorage when in-memory id is empty","status":"passed","title":"getCurrentProjectId falls back to localStorage when in-memory id is empty","duration":1,"failureMessages":[]}],"startTime":1777535072135,"endTime":1777535072136,"status":"passed","message":"","name":"/Users/gulingfei/Desktop/APP（vibe-coding）/Topic Automation/tests/unit/WebCurrentProjectState.test.ts"},{"assertionResults":[{"ancestorTitles":["","web desktop feature image styling"],"fullName":" web desktop feature image styling featured story media consumes desktop feature image variable","status":"passed","title":"featured story media consumes desktop feature image variable","duration":1,"failureMessages":[]}],"startTime":1777535072425,"endTime":1777535072426,"status":"passed","message":"","name":"/Users/gulingfei/Desktop/APP（vibe-coding）/Topic Automation/tests/unit/WebDesktopFeatureImage.test.ts"},{"assertionResults":[{"ancestorTitles":["","web desktop theme image mapping"],"fullName":" web desktop theme image mapping desktop background image is applied to all key visual regions","status":"passed","title":"desktop background image is applied to all key visual regions","duration":1,"failureMessages":[]},{"ancestorTitles":["","web desktop theme image mapping"],"fullName":" web desktop theme image mapping login background image keeps its dedicated variable","status":"passed","title":"login background image keeps its dedicated variable","duration":1,"failureMessages":[]},{"ancestorTitles":["","web desktop template structure"],"fullName":" web desktop template structure desktop html includes themed hero and sidebar visual anchors","status":"passed","title":"desktop html includes themed hero and sidebar visual anchors","duration":1,"failureMessages":[]},{"ancestorTitles":["","web desktop template structure"],"fullName":" web desktop template structure theme variable sheet declares desktop-specific image variables","status":"passed","title":"theme variable sheet declares desktop-specific image variables","duration":1,"failureMessages":[]},{"ancestorTitles":["","web desktop template structure"],"fullName":" web desktop template structure desktop chrome styling stays theme-driven instead of baking in basketball colors","status":"passed","title":"desktop chrome styling stays theme-driven instead of baking in basketball colors","duration":1,"failureMessages":[]},{"ancestorTitles":["","web desktop template structure"],"fullName":" web desktop template structure default header gradient matches the pen export geometry and theme gradient tokens","status":"passed","title":"default header gradient matches the pen export geometry and theme gradient tokens","duration":1,"failureMessages":[]},{"ancestorTitles":["","web desktop template structure"],"fullName":" web desktop template structure exported header variants all support themed background images","status":"passed","title":"exported header variants all support themed background images","duration":3,"failureMessages":[]}],"startTime":1777535066713,"endTime":1777535066722,"status":"passed","message":"","name":"/Users/gulingfei/Desktop/APP（vibe-coding）/Topic Automation/tests/unit/WebDesktopTemplate.test.ts"},{"assertionResults":[{"ancestorTitles":["","web entry imports"],"fullName":" web entry imports main entry does not dynamically re-import executor helpers already used in the main bundle","status":"passed","title":"main entry does not dynamically re-import executor helpers already used in the main bundle","duration":1,"failureMessages":[]}],"startTime":1777535072458,"endTime":1777535072459,"status":"passed","message":"","name":"/Users/gulingfei/Desktop/APP（vibe-coding）/Topic Automation/tests/unit/WebEntryImports.test.ts"},{"assertionResults":[{"ancestorTitles":["","web executor export tools"],"fullName":" web executor export tools build confirms the project first, then exports and polls until completion","status":"passed","title":"build confirms the project first, then exports and polls until completion","duration":49,"failureMessages":[]},{"ancestorTitles":["","web executor export tools"],"fullName":" web executor export tools screenshot fails fast when no current project is available","status":"passed","title":"screenshot fails fast when no current project is available","duration":1,"failureMessages":[]}],"startTime":1777535066761,"endTime":1777535066811,"status":"passed","message":"","name":"/Users/gulingfei/Desktop/APP（vibe-coding）/Topic Automation/tests/unit/WebExecutorExportTools.test.ts"},{"assertionResults":[{"ancestorTitles":["","web export bridge"],"fullName":" web export bridge returns null when no local export bridge is attached to window","status":"passed","title":"returns null when no local export bridge is attached to window","duration":1,"failureMessages":[]},{"ancestorTitles":["","web export bridge"],"fullName":" web export bridge dispatches export jobs through the attached local bridge","status":"passed","title":"dispatches export jobs through the attached local bridge","duration":4,"failureMessages":[]},{"ancestorTitles":["","web export bridge"],"fullName":" web export bridge falls back to the theme export API when window bridge is unavailable","status":"passed","title":"falls back to the theme export API when window bridge is unavailable","duration":48,"failureMessages":[]}],"startTime":1777535067330,"endTime":1777535067383,"status":"passed","message":"","name":"/Users/gulingfei/Desktop/APP（vibe-coding）/Topic Automation/tests/unit/WebExportBridge.test.ts"},{"assertionResults":[{"ancestorTitles":["","web export bridge open endpoint"],"fullName":" web export bridge open endpoint opens an export directory through the local bridge endpoint","status":"passed","title":"opens an export directory through the local bridge endpoint","duration":82,"failureMessages":[]}],"startTime":1777535069874,"endTime":1777535069956,"status":"passed","message":"","name":"/Users/gulingfei/Desktop/APP（vibe-coding）/Topic Automation/tests/unit/WebExportBridgeOpen.test.ts"},{"assertionResults":[{"ancestorTitles":["","web export bridge runtime"],"fullName":" web export bridge runtime converts export jobs into build runtime options","status":"passed","title":"converts export jobs into build runtime options","duration":5,"failureMessages":[]}],"startTime":1777535068289,"endTime":1777535068294,"status":"passed","message":"","name":"/Users/gulingfei/Desktop/APP（vibe-coding）/Topic Automation/tests/unit/WebExportBridgeRuntime.test.ts"},{"assertionResults":[{"ancestorTitles":["","web export bridge server"],"fullName":" web export bridge server exposes accepted export job status through the local bridge API","status":"passed","title":"exposes accepted export job status through the local bridge API","duration":80,"failureMessages":[]}],"startTime":1777535067902,"endTime":1777535067982,"status":"passed","message":"","name":"/Users/gulingfei/Desktop/APP（vibe-coding）/Topic Automation/tests/unit/WebExportBridgeServer.test.ts"},{"assertionResults":[{"ancestorTitles":["","web export history view"],"fullName":" web export history view renders completed exports with an open-directory action","status":"passed","title":"renders completed exports with an open-directory action","duration":15,"failureMessages":[]},{"ancestorTitles":["","web export history view"],"fullName":" web export history view renders failed exports with error details when present","status":"passed","title":"renders failed exports with error details when present","duration":1,"failureMessages":[]}],"startTime":1777535069371,"endTime":1777535069387,"status":"passed","message":"","name":"/Users/gulingfei/Desktop/APP（vibe-coding）/Topic Automation/tests/unit/WebExportHistoryView.test.ts"},{"assertionResults":[{"ancestorTitles":["","web export jobs"],"fullName":" web export jobs builds a standard export job request from the current project snapshot","status":"passed","title":"builds a standard export job request from the current project snapshot","duration":5,"failureMessages":[]},{"ancestorTitles":["","web export jobs"],"fullName":" web export jobs appends export batch metadata to the owning project","status":"passed","title":"appends export batch metadata to the owning project","duration":2,"failureMessages":[]},{"ancestorTitles":["","web export jobs"],"fullName":" web export jobs queues export requests in creation order for the local export bridge","status":"passed","title":"queues export requests in creation order for the local export bridge","duration":0,"failureMessages":[]},{"ancestorTitles":["","web export jobs"],"fullName":" web export jobs updates an existing export batch status and result metadata in the project snapshot","status":"passed","title":"updates an existing export batch status and result metadata in the project snapshot","duration":0,"failureMessages":[]}],"startTime":1777535066810,"endTime":1777535066817,"status":"passed","message":"","name":"/Users/gulingfei/Desktop/APP（vibe-coding）/Topic Automation/tests/unit/WebExportJobs.test.ts"},{"assertionResults":[{"ancestorTitles":["","web export open client"],"fullName":" web export open client posts the selected export directory to the local export API bridge","status":"passed","title":"posts the selected export directory to the local export API bridge","duration":41,"failureMessages":[]}],"startTime":1777535071070,"endTime":1777535071111,"status":"passed","message":"","name":"/Users/gulingfei/Desktop/APP（vibe-coding）/Topic Automation/tests/unit/WebExportOpenClient.test.ts"},{"assertionResults":[{"ancestorTitles":["","web export paths"],"fullName":" web export paths normalizes user-configured export roots without trailing separators","status":"passed","title":"normalizes user-configured export roots without trailing separators","duration":1,"failureMessages":[]},{"ancestorTitles":["","web export paths"],"fullName":" web export paths builds project-fixed and batch-specific export directories","status":"passed","title":"builds project-fixed and batch-specific export directories","duration":0,"failureMessages":[]}],"startTime":1777535070868,"endTime":1777535070869,"status":"passed","message":"","name":"/Users/gulingfei/Desktop/APP（vibe-coding）/Topic Automation/tests/unit/WebExportPaths.test.ts"},{"assertionResults":[{"ancestorTitles":["","web export status client"],"fullName":" web export status client builds theme export job status URLs from export batch ids","status":"passed","title":"builds theme export job status URLs from export batch ids","duration":1,"failureMessages":[]},{"ancestorTitles":["","web export status client"],"fullName":" web export status client loads export job status from the theme export API","status":"passed","title":"loads export job status from the theme export API","duration":35,"failureMessages":[]}],"startTime":1777535071085,"endTime":1777535071121,"status":"passed","message":"","name":"/Users/gulingfei/Desktop/APP（vibe-coding）/Topic Automation/tests/unit/WebExportStatusClient.test.ts"},{"assertionResults":[{"ancestorTitles":["","web header guides config"],"fullName":" web header guides config header guide metadata is sourced from shared config","status":"passed","title":"header guide metadata is sourced from shared config","duration":2,"failureMessages":[]}],"startTime":1777535072272,"endTime":1777535072274,"status":"passed","message":"","name":"/Users/gulingfei/Desktop/APP（vibe-coding）/Topic Automation/tests/unit/WebHeaderGuidesConfig.test.ts"},{"assertionResults":[{"ancestorTitles":["","web header select options"],"fullName":" web header select options derives header switcher options from the template registry in stable order","status":"passed","title":"derives header switcher options from the template registry in stable order","duration":1,"failureMessages":[]}],"startTime":1777535071410,"endTime":1777535071411,"status":"passed","message":"","name":"/Users/gulingfei/Desktop/APP（vibe-coding）/Topic Automation/tests/unit/WebHeaderSelectOptions.test.ts"},{"assertionResults":[{"ancestorTitles":["","web header semantics"],"fullName":" web header semantics maps web header ids to shared relation labels","status":"passed","title":"maps web header ids to shared relation labels","duration":1,"failureMessages":[]}],"startTime":1777535071665,"endTime":1777535071666,"status":"passed","message":"","name":"/Users/gulingfei/Desktop/APP（vibe-coding）/Topic Automation/tests/unit/WebHeaderSemantics.test.ts"},{"assertionResults":[{"ancestorTitles":["","web history preview resume"],"fullName":" web history preview resume project persistence keeps data image backgrounds so generated preview history can be reopened","status":"failed","title":"project persistence keeps data image backgrounds so generated preview history can be reopened","duration":5,"failureMessages":["expected 'import type { ChatMessage, ConfirmedP…' to contain 'if (project.bgImageUrl !== undefined)…'"],"location":{"line":11,"column":20}},{"ancestorTitles":["","web history preview resume"],"fullName":" web history preview resume workspace reopens preview when the project has saved preview assets or primary visual context","status":"failed","title":"workspace reopens preview when the project has saved preview assets or primary visual context","duration":1,"failureMessages":["expected 'import { initializeColorEditor, syncC…' to contain 'const hasSavedPreviewAssets = Boolean…'"],"location":{"line":17,"column":20}}],"startTime":1777535070365,"endTime":1777535070371,"status":"failed","message":"","name":"/Users/gulingfei/Desktop/APP（vibe-coding）/Topic Automation/tests/unit/WebHistoryPreviewResume.test.ts"},{"assertionResults":[{"ancestorTitles":["","web image intent classifier"],"fullName":" web image intent classifier treats \"把图片作为主题\" as primary image intent","status":"passed","title":"treats \"把图片作为主题\" as primary image intent","duration":3,"failureMessages":[]},{"ancestorTitles":["","web image intent classifier"],"fullName":" web image intent classifier treats explicit reference wording as reference image intent","status":"passed","title":"treats explicit reference wording as reference image intent","duration":0,"failureMessages":[]},{"ancestorTitles":["","web image intent classifier"],"fullName":" web image intent classifier gives primary strong directive higher priority than reference wording","status":"passed","title":"gives primary strong directive higher priority than reference wording","duration":1,"failureMessages":[]}],"startTime":1777535071474,"endTime":1777535071479,"status":"passed","message":"","name":"/Users/gulingfei/Desktop/APP（vibe-coding）/Topic Automation/tests/unit/WebImageIntent.test.ts"},{"assertionResults":[{"ancestorTitles":["","web landing brand navigation"],"fullName":" web landing brand navigation chat header brand is rendered as a home button in the workspace shell","status":"passed","title":"chat header brand is rendered as a home button in the workspace shell","duration":2,"failureMessages":[]},{"ancestorTitles":["","web landing brand navigation"],"fullName":" web landing brand navigation ui setup wires the landing brand button into the shared back-to-home handler","status":"passed","title":"ui setup wires the landing brand button into the shared back-to-home handler","duration":0,"failureMessages":[]}],"startTime":1777535070955,"endTime":1777535070957,"status":"passed","message":"","name":"/Users/gulingfei/Desktop/APP（vibe-coding）/Topic Automation/tests/unit/WebLandingBrandNavigation.test.ts"},{"assertionResults":[{"ancestorTitles":["","web landing legacy prompt mode"],"fullName":" web landing legacy prompt mode landing quick prompts are reduced to the requested seven entries","status":"passed","title":"landing quick prompts are reduced to the requested seven entries","duration":2,"failureMessages":[]},{"ancestorTitles":["","web landing legacy prompt mode"],"fullName":" web landing legacy prompt mode landing prompt map keeps long legacy prompts behind short labels","status":"passed","title":"landing prompt map keeps long legacy prompts behind short labels","duration":1,"failureMessages":[]},{"ancestorTitles":["","web landing legacy prompt mode"],"fullName":" web landing legacy prompt mode landing prompt clicks force single-image generation pipeline","status":"passed","title":"landing prompt clicks force single-image generation pipeline","duration":1,"failureMessages":[]}],"startTime":1777535067864,"endTime":1777535067868,"status":"passed","message":"","name":"/Users/gulingfei/Desktop/APP（vibe-coding）/Topic Automation/tests/unit/WebLandingLegacyPromptMode.test.ts"},{"assertionResults":[{"ancestorTitles":["","web light mode action colors"],"fullName":" web light mode action colors uses light-appropriate action colors for sidebar, new project button, and workspace topbar","status":"failed","title":"uses light-appropriate action colors for sidebar, new project button, and workspace topbar","duration":30,"failureMessages":["expected '/* Theme Studio - Style Variables */\\…' to contain 'body[data-ui-theme=\"light\"] .project-…'"],"location":{"line":18,"column":20}}],"startTime":1777535068859,"endTime":1777535068889,"status":"failed","message":"","name":"/Users/gulingfei/Desktop/APP（vibe-coding）/Topic Automation/tests/unit/WebLightModeActionColors.test.ts"},{"assertionResults":[{"ancestorTitles":["","web light-ui color rules"],"fullName":" web light-ui color rules derives light-ui colors from the documented blend and alter formulas","status":"passed","title":"derives light-ui colors from the documented blend and alter formulas","duration":2,"failureMessages":[]},{"ancestorTitles":["","web light-ui color rules"],"fullName":" web light-ui color rules keeps default project colors aligned with the shared light-ui derivation","status":"passed","title":"keeps default project colors aligned with the shared light-ui derivation","duration":0,"failureMessages":[]},{"ancestorTitles":["","web light-ui color rules"],"fullName":" web light-ui color rules representative compliant primary still passes the light-ui validation report","status":"passed","title":"representative compliant primary still passes the light-ui validation report","duration":1,"failureMessages":[]},{"ancestorTitles":["","web light-ui color rules"],"fullName":" web light-ui color rules automatically chooses a readable primary text color","status":"passed","title":"automatically chooses a readable primary text color","duration":0,"failureMessages":[]},{"ancestorTitles":["","web light-ui color rules"],"fullName":" web light-ui color rules adjusts light-ui primary when needed to preserve readability","status":"passed","title":"adjusts light-ui primary when needed to preserve readability","duration":0,"failureMessages":[]}],"startTime":1777535066761,"endTime":1777535066764,"status":"passed","message":"","name":"/Users/gulingfei/Desktop/APP（vibe-coding）/Topic Automation/tests/unit/WebLightUiColorRules.test.ts"},{"assertionResults":[{"ancestorTitles":["","web live preview snapshot"],"fullName":" web live preview snapshot falls back to original primary image when preview css uses a blob url","status":"passed","title":"falls back to original primary image when preview css uses a blob url","duration":1,"failureMessages":[]},{"ancestorTitles":["","web live preview snapshot"],"fullName":" web live preview snapshot keeps normal preview image urls when they are not blob urls","status":"passed","title":"keeps normal preview image urls when they are not blob urls","duration":0,"failureMessages":[]}],"startTime":1777535066706,"endTime":1777535066708,"status":"passed","message":"","name":"/Users/gulingfei/Desktop/APP（vibe-coding）/Topic Automation/tests/unit/WebLivePreviewSnapshot.test.ts"},{"assertionResults":[{"ancestorTitles":["","web new project button style"],"fullName":" web new project button style uses outlined soft-fill styling with white text in dark mode and light surface with black text in light mode","status":"failed","title":"uses outlined soft-fill styling with white text in dark mode and light surface with black text in light mode","duration":20,"failureMessages":["expected '/* Theme Studio - Style Variables */\\…' to contain '.sidebar-new-btn {'"],"location":{"line":11,"column":20}}],"startTime":1777535071295,"endTime":1777535071315,"status":"failed","message":"","name":"/Users/gulingfei/Desktop/APP（vibe-coding）/Topic Automation/tests/unit/WebNewProjectButtonStyle.test.ts"},{"assertionResults":[{"ancestorTitles":["","web new project flow"],"fullName":" web new project flow creates a project directly from the sidebar button without invoking the old dialog flow","status":"failed","title":"creates a project directly from the sidebar button without invoking the old dialog flow","duration":7,"failureMessages":["expected 'import { initializeColorEditor, syncC…' to contain 'createProject(\\'未命名项目\\', \\'light-ui\\')'"],"location":{"line":14,"column":18}}],"startTime":1777535071394,"endTime":1777535071401,"status":"failed","message":"","name":"/Users/gulingfei/Desktop/APP（vibe-coding）/Topic Automation/tests/unit/WebNewProjectFlow.test.ts"},{"assertionResults":[{"ancestorTitles":["","web online export"],"fullName":" web online export builds a confirmed project snapshot from the current project state","status":"passed","title":"builds a confirmed project snapshot from the current project state","duration":1,"failureMessages":[]},{"ancestorTitles":["","web online export"],"fullName":" web online export replaces blob image urls with the original primary image in confirmed snapshots","status":"passed","title":"replaces blob image urls with the original primary image in confirmed snapshots","duration":0,"failureMessages":[]},{"ancestorTitles":["","web online export"],"fullName":" web online export createServerExportJob sends confirmedVersionId without inline snapshot payload","status":"passed","title":"createServerExportJob sends confirmedVersionId without inline snapshot payload","duration":127,"failureMessages":[]}],"startTime":1777535067498,"endTime":1777535067626,"status":"passed","message":"","name":"/Users/gulingfei/Desktop/APP（vibe-coding）/Topic Automation/tests/unit/WebOnlineExport.test.ts"},{"assertionResults":[{"ancestorTitles":["","web online export state"],"fullName":" web online export state appends confirmed versions in newest-first order","status":"passed","title":"appends confirmed versions in newest-first order","duration":3,"failureMessages":[]},{"ancestorTitles":["","web online export state"],"fullName":" web online export state replaces the confirmed versions collection","status":"passed","title":"replaces the confirmed versions collection","duration":2,"failureMessages":[]},{"ancestorTitles":["","web online export state"],"fullName":" web online export state appends and upserts server export jobs","status":"passed","title":"appends and upserts server export jobs","duration":2,"failureMessages":[]}],"startTime":1777535067872,"endTime":1777535067879,"status":"passed","message":"","name":"/Users/gulingfei/Desktop/APP（vibe-coding）/Topic Automation/tests/unit/WebOnlineExportState.test.ts"},{"assertionResults":[{"ancestorTitles":["","web packaging progress modal"],"fullName":" web packaging progress modal loading state removes interrupt affordance and shows non-interruptible notice","status":"passed","title":"loading state removes interrupt affordance and shows non-interruptible notice","duration":2,"failureMessages":[]}],"startTime":1777535070356,"endTime":1777535070358,"status":"passed","message":"","name":"/Users/gulingfei/Desktop/APP（vibe-coding）/Topic Automation/tests/unit/WebPackagingProgressModal.test.ts"},{"assertionResults":[{"ancestorTitles":["","web packaging project recovery"],"fullName":" web packaging project recovery packaging flow recreates a missing current project from the workspace state before exporting","status":"passed","title":"packaging flow recreates a missing current project from the workspace state before exporting","duration":3,"failureMessages":[]},{"ancestorTitles":["","web packaging project recovery"],"fullName":" web packaging project recovery package buttons use overwriting handlers so hot reload does not keep stale listeners","status":"passed","title":"package buttons use overwriting handlers so hot reload does not keep stale listeners","duration":3,"failureMessages":[]}],"startTime":1777535069475,"endTime":1777535069481,"status":"passed","message":"","name":"/Users/gulingfei/Desktop/APP（vibe-coding）/Topic Automation/tests/unit/WebPackagingProjectRecovery.test.ts"},{"assertionResults":[{"ancestorTitles":["","web preview-open chat width"],"fullName":" web preview-open chat width uses 378px chat width when preview is expanded","status":"passed","title":"uses 378px chat width when preview is expanded","duration":1,"failureMessages":[]}],"startTime":1777535072255,"endTime":1777535072256,"status":"passed","message":"","name":"/Users/gulingfei/Desktop/APP（vibe-coding）/Topic Automation/tests/unit/WebPreviewOpenChatWidth.test.ts"},{"assertionResults":[{"ancestorTitles":["","web preview panel border"],"fullName":" web preview panel border does not render an outer left border on the expanded preview column","status":"passed","title":"does not render an outer left border on the expanded preview column","duration":2,"failureMessages":[]},{"ancestorTitles":["","web preview panel border"],"fullName":" web preview panel border does not paint an outer preview halo that leaks the panel background","status":"passed","title":"does not paint an outer preview halo that leaks the panel background","duration":1,"failureMessages":[]}],"startTime":1777535071037,"endTime":1777535071040,"status":"passed","message":"","name":"/Users/gulingfei/Desktop/APP（vibe-coding）/Topic Automation/tests/unit/WebPreviewPanelBorder.test.ts"},{"assertionResults":[{"ancestorTitles":["","web preview/sidebar tone sync"],"fullName":" web preview/sidebar tone sync uses the expanded sidebar surface color for preview shell backgrounds","status":"passed","title":"uses the expanded sidebar surface color for preview shell backgrounds","duration":2,"failureMessages":[]}],"startTime":1777535071763,"endTime":1777535071765,"status":"passed","message":"","name":"/Users/gulingfei/Desktop/APP（vibe-coding）/Topic Automation/tests/unit/WebPreviewSidebarToneSync.test.ts"},{"assertionResults":[{"ancestorTitles":["","web project display name"],"fullName":" web project display name prefers theme name and falls back to AI主题 for the preview topbar label","status":"passed","title":"prefers theme name and falls back to AI主题 for the preview topbar label","duration":1,"failureMessages":[]}],"startTime":1777535072099,"endTime":1777535072100,"status":"passed","message":"","name":"/Users/gulingfei/Desktop/APP（vibe-coding）/Topic Automation/tests/unit/WebProjectDisplayName.test.ts"},{"assertionResults":[{"ancestorTitles":["","web project naming"],"fullName":" web project naming derives canonical english slugs from common chinese theme prompts","status":"passed","title":"derives canonical english slugs from common chinese theme prompts","duration":3,"failureMessages":[]},{"ancestorTitles":["","web project naming"],"fullName":" web project naming reuses stored project slug without duplicating the project id prefix","status":"passed","title":"reuses stored project slug without duplicating the project id prefix","duration":3,"failureMessages":[]},{"ancestorTitles":["","web project naming"],"fullName":" web project naming clamps package title to 10 characters without changing export slug generation","status":"passed","title":"clamps package title to 10 characters without changing export slug generation","duration":5,"failureMessages":[]}],"startTime":1777535068450,"endTime":1777535068461,"status":"passed","message":"","name":"/Users/gulingfei/Desktop/APP（vibe-coding）/Topic Automation/tests/unit/WebProjectNaming.test.ts"},{"assertionResults":[{"ancestorTitles":["","web project visual context store"],"fullName":" web project visual context store keeps image data url out of persisted localStorage payload while preserving runtime access","status":"passed","title":"keeps image data url out of persisted localStorage payload while preserving runtime access","duration":2,"failureMessages":[]}],"startTime":1777535068167,"endTime":1777535068169,"status":"passed","message":"","name":"/Users/gulingfei/Desktop/APP（vibe-coding）/Topic Automation/tests/unit/WebProjectVisualContextStore.test.ts"},{"assertionResults":[{"ancestorTitles":["","web generated asset source contract"],"fullName":" web generated asset source contract marks only thumbnails as preview-html while login and header/sidebar stay on background-image","status":"passed","title":"marks only thumbnails as preview-html while login and header/sidebar stay on background-image","duration":1,"failureMessages":[]}],"startTime":1777535071177,"endTime":1777535071178,"status":"passed","message":"","name":"/Users/gulingfei/Desktop/APP（vibe-coding）/Topic Automation/tests/unit/WebScreenshotBackgroundOnly.test.ts"},{"assertionResults":[{"ancestorTitles":["","web screenshot data url support"],"fullName":" web screenshot data url support preview screenshot runtime preserves data image urls instead of coercing to file urls","status":"passed","title":"preview screenshot runtime preserves data image urls instead of coercing to file urls","duration":0,"failureMessages":[]}],"startTime":1777535072337,"endTime":1777535072337,"status":"passed","message":"","name":"/Users/gulingfei/Desktop/APP（vibe-coding）/Topic Automation/tests/unit/WebScreenshotDataUrlSupport.test.ts"},{"assertionResults":[{"ancestorTitles":["","web screenshot preview capture tasks"],"fullName":" web screenshot preview capture tasks keeps preview-html outputs aligned with packaging filenames","status":"passed","title":"keeps preview-html outputs aligned with packaging filenames","duration":1,"failureMessages":[]}],"startTime":1777535068986,"endTime":1777535068987,"status":"passed","message":"","name":"/Users/gulingfei/Desktop/APP（vibe-coding）/Topic Automation/tests/unit/WebScreenshotDerivedAssets.test.ts"},{"assertionResults":[{"ancestorTitles":["","web screenshot rules"],"fullName":" web screenshot rules reads thumbnail screenshot targets from shared output mapping config","status":"failed","title":"reads thumbnail screenshot targets from shared output mapping config","duration":6,"failureMessages":["expected { selector: '.desktop-wrapper', …(5) } to match object { selector: '.desktop-wrapper', …(4) }\n(1 matching property omitted from actual)"],"location":{"line":28,"column":42}},{"ancestorTitles":["","web screenshot rules"],"fullName":" web screenshot rules keeps dark-ui sidebar screenshot dimensions aligned with shared config","status":"passed","title":"keeps dark-ui sidebar screenshot dimensions aligned with shared config","duration":1,"failureMessages":[]}],"startTime":1777535068159,"endTime":1777535068166,"status":"failed","message":"","name":"/Users/gulingfei/Desktop/APP（vibe-coding）/Topic Automation/tests/unit/WebScreenshotRules.test.ts"},{"assertionResults":[{"ancestorTitles":["","web screenshot theme image overrides"],"fullName":" web screenshot theme image overrides maps a single theme image into every screenshot visual slot","status":"passed","title":"maps a single theme image into every screenshot visual slot","duration":2,"failureMessages":[]},{"ancestorTitles":["","web screenshot theme image overrides"],"fullName":" web screenshot theme image overrides returns no overrides when no theme image is provided","status":"passed","title":"returns no overrides when no theme image is provided","duration":1,"failureMessages":[]}],"startTime":1777535070881,"endTime":1777535070884,"status":"passed","message":"","name":"/Users/gulingfei/Desktop/APP（vibe-coding）/Topic Automation/tests/unit/WebScreenshotThemeImages.test.ts"},{"assertionResults":[{"ancestorTitles":["","web settings modal behavior"],"fullName":" web settings modal behavior scopes the close button to settings modal and does not close on overlay click","status":"passed","title":"scopes the close button to settings modal and does not close on overlay click","duration":1,"failureMessages":[]}],"startTime":1777535071928,"endTime":1777535071929,"status":"passed","message":"","name":"/Users/gulingfei/Desktop/APP（vibe-coding）/Topic Automation/tests/unit/WebSettingsModalBehavior.test.ts"},{"assertionResults":[{"ancestorTitles":["","web sidebar collapsed spacing"],"fullName":" web sidebar collapsed spacing does not keep 12px vertical padding on the collapsed sidebar rail","status":"passed","title":"does not keep 12px vertical padding on the collapsed sidebar rail","duration":1,"failureMessages":[]}],"startTime":1777535072368,"endTime":1777535072369,"status":"passed","message":"","name":"/Users/gulingfei/Desktop/APP（vibe-coding）/Topic Automation/tests/unit/WebSidebarCollapsedSpacing.test.ts"},{"assertionResults":[{"ancestorTitles":["","web sidebar doubao style"],"fullName":" web sidebar doubao style uses the softer doubao-like sidebar surface, divider, button, and list item spacing","status":"failed","title":"uses the softer doubao-like sidebar surface, divider, button, and list item spacing","duration":64,"failureMessages":["expected '/* Theme Studio - Style Variables */\\…' to contain 'padding: 6px 4px 0;'"],"location":{"line":20,"column":20}}],"startTime":1777535069939,"endTime":1777535070003,"status":"failed","message":"","name":"/Users/gulingfei/Desktop/APP（vibe-coding）/Topic Automation/tests/unit/WebSidebarDoubaoStyle.test.ts"},{"assertionResults":[{"ancestorTitles":["","web sidebar footer spacing"],"fullName":" web sidebar footer spacing tightens the expanded sidebar footer shell and settings button padding","status":"failed","title":"tightens the expanded sidebar footer shell and settings button padding","duration":5,"failureMessages":["expected '\\n  display: none;\\n' to contain 'padding: 8px 12px 0 5px;'"],"location":{"line":14,"column":27}}],"startTime":1777535071761,"endTime":1777535071766,"status":"failed","message":"","name":"/Users/gulingfei/Desktop/APP（vibe-coding）/Topic Automation/tests/unit/WebSidebarFooterSpacing.test.ts"},{"assertionResults":[{"ancestorTitles":["","web sidebar header style"],"fullName":" web sidebar header style removes vertical padding and divider from the expanded sidebar header","status":"passed","title":"removes vertical padding and divider from the expanded sidebar header","duration":1,"failureMessages":[]}],"startTime":1777535071926,"endTime":1777535071927,"status":"passed","message":"","name":"/Users/gulingfei/Desktop/APP（vibe-coding）/Topic Automation/tests/unit/WebSidebarHeaderStyle.test.ts"},{"assertionResults":[{"ancestorTitles":["","web sidebar history refinement"],"fullName":" web sidebar history refinement hides the sidebar list scrollbar, keeps collapsed rail white, and uses stable white active history items","status":"passed","title":"hides the sidebar list scrollbar, keeps collapsed rail white, and uses stable white active history items","duration":5,"failureMessages":[]}],"startTime":1777535068119,"endTime":1777535068124,"status":"passed","message":"","name":"/Users/gulingfei/Desktop/APP（vibe-coding）/Topic Automation/tests/unit/WebSidebarHistoryRefinement.test.ts"},{"assertionResults":[{"ancestorTitles":["","web sidebar homepage active state"],"fullName":" web sidebar homepage active state keeps the homepage-aligned new conversation record highlighted when there is no active conversation id","status":"passed","title":"keeps the homepage-aligned new conversation record highlighted when there is no active conversation id","duration":1,"failureMessages":[]}],"startTime":1777535072258,"endTime":1777535072259,"status":"passed","message":"","name":"/Users/gulingfei/Desktop/APP（vibe-coding）/Topic Automation/tests/unit/WebSidebarHomepageActiveState.test.ts"},{"assertionResults":[{"ancestorTitles":["","web sidebar hover stability"],"fullName":" web sidebar hover stability keeps the sidebar item action slot reserved so hover does not shift the title text","status":"passed","title":"keeps the sidebar item action slot reserved so hover does not shift the title text","duration":2,"failureMessages":[]}],"startTime":1777535071245,"endTime":1777535071247,"status":"passed","message":"","name":"/Users/gulingfei/Desktop/APP（vibe-coding）/Topic Automation/tests/unit/WebSidebarHoverStability.test.ts"},{"assertionResults":[{"ancestorTitles":["","web sidebar icon row consistency"],"fullName":" web sidebar icon row consistency makes the expanded collapse row clickable across the full row","status":"passed","title":"makes the expanded collapse row clickable across the full row","duration":2,"failureMessages":[]},{"ancestorTitles":["","web sidebar icon row consistency"],"fullName":" web sidebar icon row consistency aligns collapse, new chat, and settings icon box sizing and row affordance","status":"passed","title":"aligns collapse, new chat, and settings icon box sizing and row affordance","duration":2,"failureMessages":[]}],"startTime":1777535069006,"endTime":1777535069010,"status":"passed","message":"","name":"/Users/gulingfei/Desktop/APP（vibe-coding）/Topic Automation/tests/unit/WebSidebarIconRowConsistency.test.ts"},{"assertionResults":[{"ancestorTitles":["","web sidebar item padding"],"fullName":" web sidebar item padding uses a 24px left padding for conversation rows","status":"passed","title":"uses a 24px left padding for conversation rows","duration":1,"failureMessages":[]}],"startTime":1777535072366,"endTime":1777535072367,"status":"passed","message":"","name":"/Users/gulingfei/Desktop/APP（vibe-coding）/Topic Automation/tests/unit/WebSidebarItemPadding.test.ts"},{"assertionResults":[{"ancestorTitles":["","web sidebar new chat spacing"],"fullName":" web sidebar new chat spacing uses the tighter expanded sidebar new-chat spacing","status":"passed","title":"uses the tighter expanded sidebar new-chat spacing","duration":2,"failureMessages":[]}],"startTime":1777535072104,"endTime":1777535072106,"status":"passed","message":"","name":"/Users/gulingfei/Desktop/APP（vibe-coding）/Topic Automation/tests/unit/WebSidebarNewChatSpacing.test.ts"},{"assertionResults":[{"ancestorTitles":["","web sidebar scrollbar tone"],"fullName":" web sidebar scrollbar tone uses a light transparent scrollbar thumb","status":"passed","title":"uses a light transparent scrollbar thumb","duration":2,"failureMessages":[]}],"startTime":1777535072189,"endTime":1777535072191,"status":"passed","message":"","name":"/Users/gulingfei/Desktop/APP（vibe-coding）/Topic Automation/tests/unit/WebSidebarScrollbarTone.test.ts"},{"assertionResults":[{"ancestorTitles":["","web sidebar settings button style"],"fullName":" web sidebar settings button style uses theme-primary hover text for the sidebar settings button","status":"failed","title":"uses theme-primary hover text for the sidebar settings button","duration":13,"failureMessages":["expected '/* Theme Studio - Style Variables */\\…' to contain '.sidebar-settings-btn:hover'"],"location":{"line":11,"column":20}}],"startTime":1777535072434,"endTime":1777535072447,"status":"failed","message":"","name":"/Users/gulingfei/Desktop/APP（vibe-coding）/Topic Automation/tests/unit/WebSidebarSettingsButtonStyle.test.ts"},{"assertionResults":[{"ancestorTitles":["","web sidebar settings divider"],"fullName":" web sidebar settings divider uses a single divider treatment above the settings button instead of overlapping lines","status":"passed","title":"uses a single divider treatment above the settings button instead of overlapping lines","duration":1,"failureMessages":[]}],"startTime":1777535072263,"endTime":1777535072264,"status":"passed","message":"","name":"/Users/gulingfei/Desktop/APP（vibe-coding）/Topic Automation/tests/unit/WebSidebarSettingsDivider.test.ts"},{"assertionResults":[{"ancestorTitles":["","web sidebar toggle icon"],"fullName":" web sidebar toggle icon uses a left-arrow hamburger icon and shell-neutral color instead of theme-driven color","status":"failed","title":"uses a left-arrow hamburger icon and shell-neutral color instead of theme-driven color","duration":7,"failureMessages":["expected '<!DOCTYPE html>\\n<html lang=\"zh-CN\">\\…' to contain 'polyline points=\"7 9 3 12 7 15\"'"],"location":{"line":13,"column":18}}],"startTime":1777535071569,"endTime":1777535071576,"status":"failed","message":"","name":"/Users/gulingfei/Desktop/APP（vibe-coding）/Topic Automation/tests/unit/WebSidebarToggleIcon.test.ts"},{"assertionResults":[{"ancestorTitles":["","web template registry"],"fullName":" web template registry contains core page templates and header templates with shared semantic names","status":"failed","title":"contains core page templates and header templates with shared semantic names","duration":6,"failureMessages":["expected { id: 'login', name: '登录页', …(4) } to match object { id: 'login', name: '登录页', …(2) }\n(2 matching properties omitted from actual)"],"location":{"line":14,"column":28}},{"ancestorTitles":["","web template registry"],"fullName":" web template registry getTemplateConfig returns undefined for unknown template ids","status":"passed","title":"getTemplateConfig returns undefined for unknown template ids","duration":0,"failureMessages":[]},{"ancestorTitles":["","web template registry"],"fullName":" web template registry template registry structure is sourced from shared config","status":"passed","title":"template registry structure is sourced from shared config","duration":1,"failureMessages":[]}],"startTime":1777535068181,"endTime":1777535068188,"status":"failed","message":"","name":"/Users/gulingfei/Desktop/APP（vibe-coding）/Topic Automation/tests/unit/WebTemplateRegistry.test.ts"},{"assertionResults":[{"ancestorTitles":["","web template specific vars"],"fullName":" web template specific vars returns dark-ui login accent variables from shared theme relations config","status":"passed","title":"returns dark-ui login accent variables from shared theme relations config","duration":1,"failureMessages":[]},{"ancestorTitles":["","web template specific vars"],"fullName":" web template specific vars returns no extra vars for light-ui","status":"passed","title":"returns no extra vars for light-ui","duration":1,"failureMessages":[]}],"startTime":1777535072101,"endTime":1777535072103,"status":"passed","message":"","name":"/Users/gulingfei/Desktop/APP（vibe-coding）/Topic Automation/tests/unit/WebTemplateSpecificVars.test.ts"},{"assertionResults":[{"ancestorTitles":["","web theme generation constraints"],"fullName":" web theme generation constraints enforces confirmed red hue when extracted candidates do not contain red","status":"passed","title":"enforces confirmed red hue when extracted candidates do not contain red","duration":2,"failureMessages":[]},{"ancestorTitles":["","web theme generation constraints"],"fullName":" web theme generation constraints keeps extracted hue when it matches the confirmed direction","status":"passed","title":"keeps extracted hue when it matches the confirmed direction","duration":1,"failureMessages":[]},{"ancestorTitles":["","web theme generation constraints"],"fullName":" web theme generation constraints normalizes an over-bright light-ui candidate back into the recommended range","status":"passed","title":"normalizes an over-bright light-ui candidate back into the recommended range","duration":0,"failureMessages":[]},{"ancestorTitles":["","web theme generation constraints"],"fullName":" web theme generation constraints keeps bucket hex output aligned with the filtered quantized color","status":"passed","title":"keeps bucket hex output aligned with the filtered quantized color","duration":0,"failureMessages":[]},{"ancestorTitles":["","web theme generation constraints"],"fullName":" web theme generation constraints rejects gray and over-bright colors as disallowed theme colors","status":"passed","title":"rejects gray and over-bright colors as disallowed theme colors","duration":1,"failureMessages":[]},{"ancestorTitles":["","web theme generation constraints"],"fullName":" web theme generation constraints normalizes low-saturation light-ui candidates into the standard saturation and lightness bands","status":"passed","title":"normalizes low-saturation light-ui candidates into the standard saturation and lightness bands","duration":0,"failureMessages":[]},{"ancestorTitles":["","web theme generation constraints"],"fullName":" web theme generation constraints falls back to the nearest standard palette color for unmatched hues","status":"passed","title":"falls back to the nearest standard palette color for unmatched hues","duration":0,"failureMessages":[]},{"ancestorTitles":["","web theme generation constraints"],"fullName":" web theme generation constraints falls back to the standard palette when extracted candidates are all disallowed","status":"passed","title":"falls back to the standard palette when extracted candidates are all disallowed","duration":0,"failureMessages":[]},{"ancestorTitles":["","web theme generation constraints"],"fullName":" web theme generation constraints produces a readable primary text token for the selected light-ui theme","status":"passed","title":"produces a readable primary text token for the selected light-ui theme","duration":0,"failureMessages":[]}],"startTime":1777535067407,"endTime":1777535067411,"status":"passed","message":"","name":"/Users/gulingfei/Desktop/APP（vibe-coding）/Topic Automation/tests/unit/WebThemeGenerationConstraints.test.ts"},{"assertionResults":[{"ancestorTitles":["","web theme image assignments"],"fullName":" web theme image assignments converts data image urls into renderable urls for preview backgrounds","status":"passed","title":"converts data image urls into renderable urls for preview backgrounds","duration":1,"failureMessages":[]}],"startTime":1777535071993,"endTime":1777535071994,"status":"passed","message":"","name":"/Users/gulingfei/Desktop/APP（vibe-coding）/Topic Automation/tests/unit/WebThemeImageAssignments.test.ts"},{"assertionResults":[{"ancestorTitles":["","web theme preview confirm hint"],"fullName":" web theme preview confirm hint uses a dedicated shared class instead of inline confirm hint color styling","status":"passed","title":"uses a dedicated shared class instead of inline confirm hint color styling","duration":1,"failureMessages":[]}],"startTime":1777535071731,"endTime":1777535071732,"status":"passed","message":"","name":"/Users/gulingfei/Desktop/APP（vibe-coding）/Topic Automation/tests/unit/WebThemePreviewConfirmHint.test.ts"},{"assertionResults":[{"ancestorTitles":["","web theme preview failures"],"fullName":" web theme preview failures surfaces per-direction generation errors when all previews fail","status":"passed","title":"surfaces per-direction generation errors when all previews fail","duration":2011,"failureMessages":[]}],"startTime":1777535068154,"endTime":1777535070165,"status":"passed","message":"","name":"/Users/gulingfei/Desktop/APP（vibe-coding）/Topic Automation/tests/unit/WebThemePreviewFailures.test.ts"},{"assertionResults":[{"ancestorTitles":["","web theme tool call color hints"],"fullName":" web theme tool call color hints infers canonical hue labels from chinese theme descriptions","status":"passed","title":"infers canonical hue labels from chinese theme descriptions","duration":2,"failureMessages":[]},{"ancestorTitles":["","web theme tool call color hints"],"fullName":" web theme tool call color hints backfills generate_theme_pipeline primaryHint from user intent","status":"passed","title":"backfills generate_theme_pipeline primaryHint from user intent","duration":1,"failureMessages":[]},{"ancestorTitles":["","web theme tool call color hints"],"fullName":" web theme tool call color hints preserves explicit primaryHint from tool call","status":"passed","title":"preserves explicit primaryHint from tool call","duration":0,"failureMessages":[]},{"ancestorTitles":["","web theme tool call color hints"],"fullName":" web theme tool call color hints synthesizes generate_theme_pipeline after a simple confirmation","status":"passed","title":"synthesizes generate_theme_pipeline after a simple confirmation","duration":1,"failureMessages":[]},{"ancestorTitles":["","web theme tool call color hints"],"fullName":" web theme tool call color hints single preview confirmation applies the generated theme directly","status":"passed","title":"single preview confirmation applies the generated theme directly","duration":0,"failureMessages":[]},{"ancestorTitles":["","web theme tool call color hints"],"fullName":" web theme tool call color hints builds a prompt from the approved plan summary","status":"passed","title":"builds a prompt from the approved plan summary","duration":1,"failureMessages":[]}],"startTime":1777535066759,"endTime":1777535066764,"status":"passed","message":"","name":"/Users/gulingfei/Desktop/APP（vibe-coding）/Topic Automation/tests/unit/WebThemeToolCalls.test.ts"},{"assertionResults":[{"ancestorTitles":["","web topbar tabs"],"fullName":" web topbar tabs styles preview tabs as tighter lab-console controls instead of soft consumer pills","status":"passed","title":"styles preview tabs as tighter lab-console controls instead of soft consumer pills","duration":1,"failureMessages":[]}],"startTime":1777535071648,"endTime":1777535071649,"status":"passed","message":"","name":"/Users/gulingfei/Desktop/APP（vibe-coding）/Topic Automation/tests/unit/WebTopbarTabs.test.ts"},{"assertionResults":[{"ancestorTitles":["","web ui card surfaces"],"fullName":" web ui card surfaces styles recommendation blocks and export task surfaces as restrained dark system cards","status":"passed","title":"styles recommendation blocks and export task surfaces as restrained dark system cards","duration":1,"failureMessages":[]}],"startTime":1777535071602,"endTime":1777535071603,"status":"passed","message":"","name":"/Users/gulingfei/Desktop/APP（vibe-coding）/Topic Automation/tests/unit/WebUiCardSurfaces.test.ts"},{"assertionResults":[{"ancestorTitles":["","web ui icon consistency"],"fullName":" web ui icon consistency uses a unified icon system for workbench chrome instead of emoji/text glyph shortcuts","status":"passed","title":"uses a unified icon system for workbench chrome instead of emoji/text glyph shortcuts","duration":3,"failureMessages":[]}],"startTime":1777535071494,"endTime":1777535071497,"status":"passed","message":"","name":"/Users/gulingfei/Desktop/APP（vibe-coding）/Topic Automation/tests/unit/WebUiIconConsistency.test.ts"},{"assertionResults":[{"ancestorTitles":["","web ui micro polish"],"fullName":" web ui micro polish includes final shell polish hooks for toast, menus, and modal detail surfaces","status":"failed","title":"includes final shell polish hooks for toast, menus, and modal detail surfaces","duration":16,"failureMessages":["expected '/* Theme Studio - Style Variables */\\…' to contain 'padding: 4px 0;'"],"location":{"line":15,"column":20}}],"startTime":1777535071262,"endTime":1777535071278,"status":"failed","message":"","name":"/Users/gulingfei/Desktop/APP（vibe-coding）/Topic Automation/tests/unit/WebUiMicroPolish.test.ts"},{"assertionResults":[{"ancestorTitles":["","web ui shell polish"],"fullName":" web ui shell polish applies command-panel and task-surface refinements for the xai-style shell","status":"passed","title":"applies command-panel and task-surface refinements for the xai-style shell","duration":2,"failureMessages":[]}],"startTime":1777535071801,"endTime":1777535071803,"status":"passed","message":"","name":"/Users/gulingfei/Desktop/APP（vibe-coding）/Topic Automation/tests/unit/WebUiShellPolish.test.ts"},{"assertionResults":[{"ancestorTitles":["","web ui theme mode"],"fullName":" web ui theme mode stores a shell-only uiTheme setting and exposes a light-mode control in the settings modal","status":"failed","title":"stores a shell-only uiTheme setting and exposes a light-mode control in the settings modal","duration":28,"failureMessages":["expected 'import type { ChatRequest, ChatRespon…' to contain 'uiTheme: \\'dark\\''"],"location":{"line":16,"column":24}}],"startTime":1777535068450,"endTime":1777535068478,"status":"failed","message":"","name":"/Users/gulingfei/Desktop/APP（vibe-coding）/Topic Automation/tests/unit/WebUiThemeMode.test.ts"},{"assertionResults":[{"ancestorTitles":["","web ui theme tokens"],"fullName":" web ui theme tokens defines xai-inspired shell tokens for the workbench chrome","status":"failed","title":"defines xai-inspired shell tokens for the workbench chrome","duration":37,"failureMessages":["expected '/* Theme Studio - Style Variables */\\…' to contain '--app-bg: #111318;'"],"location":{"line":11,"column":20}}],"startTime":1777535070679,"endTime":1777535070716,"status":"failed","message":"","name":"/Users/gulingfei/Desktop/APP（vibe-coding）/Topic Automation/tests/unit/WebUiThemeTokens.test.ts"},{"assertionResults":[{"ancestorTitles":["","web ui typography scale"],"fullName":" web ui typography scale defines a restrained typography and text-color scale for the app shell","status":"failed","title":"defines a restrained typography and text-color scale for the app shell","duration":30,"failureMessages":["expected '/* Theme Studio - Style Variables */\\…' to contain '--text-tertiary: rgba(255,255,255,0.2…'"],"location":{"line":11,"column":20}}],"startTime":1777535071617,"endTime":1777535071647,"status":"failed","message":"","name":"/Users/gulingfei/Desktop/APP（vibe-coding）/Topic Automation/tests/unit/WebUiTypographyScale.test.ts"},{"assertionResults":[{"ancestorTitles":["","web verify selection args"],"fullName":" web verify selection args passes selected product keys to verify-build so partial exports validate correctly","status":"passed","title":"passes selected product keys to verify-build so partial exports validate correctly","duration":2,"failureMessages":[]}],"startTime":1777535072435,"endTime":1777535072437,"status":"passed","message":"","name":"/Users/gulingfei/Desktop/APP（vibe-coding）/Topic Automation/tests/unit/WebVerifySelection.test.ts"},{"assertionResults":[{"ancestorTitles":["","web version compatibility"],"fullName":" web version compatibility reads version compatibility rules from shared config","status":"passed","title":"reads version compatibility rules from shared config","duration":1,"failureMessages":[]}],"startTime":1777535072017,"endTime":1777535072018,"status":"passed","message":"","name":"/Users/gulingfei/Desktop/APP（vibe-coding）/Topic Automation/tests/unit/WebVersionCompatibility.test.ts"},{"assertionResults":[{"ancestorTitles":["","web vite proxy contract"],"fullName":" web vite proxy contract vite dev server routes all /api traffic to backend 3001 without legacy /api/export split","status":"passed","title":"vite dev server routes all /api traffic to backend 3001 without legacy /api/export split","duration":2,"failureMessages":[]}],"startTime":1777535071975,"endTime":1777535071977,"status":"passed","message":"","name":"/Users/gulingfei/Desktop/APP（vibe-coding）/Topic Automation/tests/unit/WebViteProxyContract.test.ts"},{"assertionResults":[{"ancestorTitles":["","web workbench adaptive chat"],"fullName":" web workbench adaptive chat does not hard-lock the chat panel to 280px in css when preview is absent","status":"passed","title":"does not hard-lock the chat panel to 280px in css when preview is absent","duration":1,"failureMessages":[]}],"startTime":1777535072092,"endTime":1777535072093,"status":"passed","message":"","name":"/Users/gulingfei/Desktop/APP（vibe-coding）/Topic Automation/tests/unit/WebWorkbenchAdaptiveChat.test.ts"},{"assertionResults":[{"ancestorTitles":["","web workbench chrome heights"],"fullName":" web workbench chrome heights locks brand header, chat header, settings button presence, and topbar tab scoping","status":"failed","title":"locks brand header, chat header, settings button presence, and topbar tab scoping","duration":11,"failureMessages":["expected '/* Theme Studio - Style Variables */\\…' to contain '.sidebar-brand-header'"],"location":{"line":11,"column":20}}],"startTime":1777535071585,"endTime":1777535071596,"status":"failed","message":"","name":"/Users/gulingfei/Desktop/APP（vibe-coding）/Topic Automation/tests/unit/WebWorkbenchChromeHeights.test.ts"},{"assertionResults":[{"ancestorTitles":["","web workbench chrome metrics"],"fullName":" web workbench chrome metrics uses a 70px preview topbar and invisible pane dividers","status":"passed","title":"uses a 70px preview topbar and invisible pane dividers","duration":2,"failureMessages":[]}],"startTime":1777535071822,"endTime":1777535071824,"status":"passed","message":"","name":"/Users/gulingfei/Desktop/APP（vibe-coding）/Topic Automation/tests/unit/WebWorkbenchChromeMetrics.test.ts"},{"assertionResults":[{"ancestorTitles":["","web workbench header parity"],"fullName":" web workbench header parity keeps chat header and preview topbar title treatments aligned","status":"failed","title":"keeps chat header and preview topbar title treatments aligned","duration":21,"failureMessages":["expected '/* Theme Studio - Style Variables */\\…' to contain '.project-name {'"],"location":{"line":12,"column":20}}],"startTime":1777535071893,"endTime":1777535071914,"status":"failed","message":"","name":"/Users/gulingfei/Desktop/APP（vibe-coding）/Topic Automation/tests/unit/WebWorkbenchHeaderParity.test.ts"},{"assertionResults":[{"ancestorTitles":["","web workbench layout mode"],"fullName":" web workbench layout mode syncs sidebar/chat layout with active preview tab and preview availability","status":"failed","title":"syncs sidebar/chat layout with active preview tab and preview availability","duration":6,"failureMessages":["expected 'import { initializeColorEditor, syncC…' to contain 'syncWorkbenchLayoutForActiveTab(true'"],"location":{"line":16,"column":18}}],"startTime":1777535071365,"endTime":1777535071371,"status":"failed","message":"","name":"/Users/gulingfei/Desktop/APP（vibe-coding）/Topic Automation/tests/unit/WebWorkbenchLayoutMode.test.ts"},{"assertionResults":[{"ancestorTitles":["","web workbench pane layout"],"fullName":" web workbench pane layout includes dedicated pane dividers and main-page tab behavior hooks","status":"failed","title":"includes dedicated pane dividers and main-page tab behavior hooks","duration":12,"failureMessages":["expected '<!DOCTYPE html>\\n<html lang=\"zh-CN\">\\…' to contain 'id=\"sidebarDivider\"'"],"location":{"line":13,"column":18}}],"startTime":1777535070769,"endTime":1777535070781,"status":"failed","message":"","name":"/Users/gulingfei/Desktop/APP（vibe-coding）/Topic Automation/tests/unit/WebWorkbenchPaneLayout.test.ts"},{"assertionResults":[{"ancestorTitles":["","web workspace recovery"],"fullName":" web workspace recovery switches to another available project when the stored project id is stale","status":"passed","title":"switches to another available project when the stored project id is stale","duration":1,"failureMessages":[]},{"ancestorTitles":["","web workspace recovery"],"fullName":" web workspace recovery creates a fresh project when no fallback project exists","status":"passed","title":"creates a fresh project when no fallback project exists","duration":0,"failureMessages":[]}],"startTime":1777535069829,"endTime":1777535069831,"status":"passed","message":"","name":"/Users/gulingfei/Desktop/APP（vibe-coding）/Topic Automation/tests/unit/WebWorkspaceRecovery.test.ts"}]}